<?xml version="1.0" encoding="UTF-8"?>
<testsuite name="Tests.LoginToAmazonAndBuyTVStory" time="7.881" tests="1" errors="1" skipped="0" failures="0">
  <properties>
[...]
</properties>
  <testcase name="verifyLoginAndBuyTVStory" classname="Tests.LoginToAmazonAndBuyTVStory" time="7.881">
    <error type="java.lang.NullPointerException:">java.lang.NullPointerException: null
	at Tests.LoginToAmazonAndBuyTVStory.verifyLoginAndBuyTVStory(LoginToAmazonAndBuyTVStory.java:20)
</error>
    <system-out><![CDATA[Test Complete
]]></system-out>
    <system-err><![CDATA[Apr. 17, 2020 3:08:41 PM io.appium.java_client.remote.AppiumCommandExecutor$1 lambda$0
INFO: Detected dialect: W3C
]]></system-err>
  </testcase>
</testsuite>